<?xml version="1.0" encoding="UTF-8"?>
<!-- Generated by org.testng.reporters.JUnitXMLReporter -->
<testsuite ignored="5" hostname="Yamee" failures="0" tests="1" name="Default test" time="14.707" errors="0" timestamp="2023-10-24T19:04:28 BST">
  <testcase classname="com.flexiquiz.qa.testcases.DashboradPageTestCases" name="fillInTheBlanksQuizTestCase" time="5.115"/>
  <testcase classname="com.flexiquiz.qa.testcases.DashboradPageTestCases" name="multipleChoiceWithFourOptnTestCase" time="0.0">
    <ignored/>
  </testcase> <!-- multipleChoiceWithFourOptnTestCase -->
  <testcase classname="com.flexiquiz.qa.testcases.DashboradPageTestCases" name="createNewQuizNameTest" time="0.0">
    <ignored/>
  </testcase> <!-- createNewQuizNameTest -->
  <testcase classname="com.flexiquiz.qa.testcases.DashboradPageTestCases" name="addItemNewQuestionForSingleChoiceRadioWithFourOptTestCase" time="0.0">
    <ignored/>
  </testcase> <!-- addItemNewQuestionForSingleChoiceRadioWithFourOptTestCase -->
  <testcase classname="com.flexiquiz.qa.testcases.DashboradPageTestCases" name="addItemNewQuestionForSingleChoiceDropdownWithFourOptTestCase" time="0.0">
    <ignored/>
  </testcase> <!-- addItemNewQuestionForSingleChoiceDropdownWithFourOptTestCase -->
  <testcase classname="com.flexiquiz.qa.testcases.DashboradPageTestCases" name="addItemNewQuestionForSingleChoiceDropdownWithTwoOptTestCase" time="0.0">
    <ignored/>
  </testcase> <!-- addItemNewQuestionForSingleChoiceDropdownWithTwoOptTestCase -->
</testsuite> <!-- Default test -->
