<?xml version="1.0" encoding="UTF-8"?>
<!-- Generated by org.testng.reporters.JUnitXMLReporter -->
<testsuite ignored="0" hostname="Yamee" failures="0" tests="12" name="Default test" time="92.427" errors="0" timestamp="2023-12-02T18:40:59 GMT">
  <testcase classname="com.flexiquiz.qa.testcases.DashboradPageTestCases" name="addItemNewQuestionForSingleChoiceDropdownWithFourOptTestCase" time="3.483"/>
  <testcase classname="com.flexiquiz.qa.testcases.DashboradPageTestCases" name="addItemNewQuestionForSingleChoiceDropdownWithTwoOptTestCase" time="3.472"/>
  <testcase classname="com.flexiquiz.qa.testcases.DashboradPageTestCases" name="addItemNewQuestionForSingleChoiceRadioWithFourOptTestCase" time="3.517"/>
  <testcase classname="com.flexiquiz.qa.testcases.DashboradPageTestCases" name="addItemNewQuestionForSingleChoiceRadioWithFourOptTestCase" time="3.56"/>
  <testcase classname="com.flexiquiz.qa.testcases.DashboradPageTestCases" name="createNewQuizNameTest" time="4.295"/>
  <testcase classname="com.flexiquiz.qa.testcases.DashboradPageTestCases" name="fillInTheBlanksQuizTestCase" time="3.515"/>
  <testcase classname="com.flexiquiz.qa.testcases.DashboradPageTestCases" name="multipleChoiceWithFourOptnTestCase" time="3.564"/>
  <testcase classname="com.flexiquiz.qa.testcases.LoginPageTestCases" name="loginPageTest" time="2.012"/>
  <testcase classname="com.flexiquiz.qa.testcases.LoginPageTestCases" name="rememberMeCheckBoxTest" time="0.057"/>
  <testcase classname="com.flexiquiz.qa.testcases.HomePageTestCases" name="flexiLogoImageTest" time="0.022"/>
  <testcase classname="com.flexiquiz.qa.testcases.HomePageTestCases" name="navigateToLoginPageTest" time="0.353"/>
  <testcase classname="com.flexiquiz.qa.testcases.HomePageTestCases" name="verifyHomePageTitleTest" time="0.007"/>
</testsuite> <!-- Default test -->
