<?xml version="1.0" encoding="UTF-8"?>
<!-- Generated by org.testng.reporters.JUnitXMLReporter -->
<testsuite ignored="0" hostname="Yamee" failures="0" tests="5" name="Test" time="16.084" errors="0" timestamp="2023-11-19T01:28:52 GMT">
  <testcase classname="com.flexiquiz.qa.testcases.HomePageTestCases" name="flexiLogoImageTest" time="0.079"/>
  <testcase classname="com.flexiquiz.qa.testcases.HomePageTestCases" name="navigateToLoginPageTest" time="0.402"/>
  <testcase classname="com.flexiquiz.qa.testcases.HomePageTestCases" name="verifyHomePageTitleTest" time="0.008"/>
  <testcase classname="com.flexiquiz.qa.testcases.LoginPageTestCases" name="loginPageTest" time="2.215"/>
  <testcase classname="com.flexiquiz.qa.testcases.LoginPageTestCases" name="rememberMeCheckBoxTest" time="0.08"/>
</testsuite> <!-- Test -->
