<?xml version="1.0" encoding="UTF-8"?>
<!-- Generated by org.testng.reporters.JUnitXMLReporter -->
<testsuite ignored="0" hostname="Yamee" failures="0" tests="5" name="Test" time="16.321" errors="0" timestamp="2023-11-19T21:49:26 GMT">
  <testcase classname="com.flexiquiz.qa.testcases.HomePageTestCases" name="flexiLogoImageTest" time="0.062"/>
  <testcase classname="com.flexiquiz.qa.testcases.HomePageTestCases" name="navigateToLoginPageTest" time="0.433"/>
  <testcase classname="com.flexiquiz.qa.testcases.HomePageTestCases" name="verifyHomePageTitleTest" time="0.012"/>
  <testcase classname="com.flexiquiz.qa.testcases.LoginPageTestCases" name="loginPageTest" time="2.49"/>
  <testcase classname="com.flexiquiz.qa.testcases.LoginPageTestCases" name="rememberMeCheckBoxTest" time="0.064"/>
</testsuite> <!-- Test -->
