<?xml version="1.0" encoding="UTF-8"?>
<testng-results ignored="0" total="5" passed="5" failed="0" skipped="0">
  <reporter-output>
  </reporter-output>
  <suite started-at="2023-11-19T01:28:36 GMT" name="Suite" finished-at="2023-11-19T01:28:52 GMT" duration-ms="16084">
    <groups>
    </groups>
    <test started-at="2023-11-19T01:28:36 GMT" name="Test" finished-at="2023-11-19T01:28:52 GMT" duration-ms="16084">
      <class name="com.flexiquiz.qa.testcases.LoginPageTestCases">
        <test-method is-config="true" signature="setUp()[pri:0, instance:com.flexiquiz.qa.testcases.LoginPageTestCases@6c0d9d86]" started-at="2023-11-19T01:28:44 GMT" name="setUp" finished-at="2023-11-19T01:28:46 GMT" duration-ms="2309" status="PASS">
          <reporter-output>
          </reporter-output>
        </test-method> <!-- setUp -->
        <test-method signature="loginPageTest()[pri:0, instance:com.flexiquiz.qa.testcases.LoginPageTestCases@6c0d9d86]" started-at="2023-11-19T01:28:46 GMT" name="loginPageTest" finished-at="2023-11-19T01:28:49 GMT" duration-ms="2215" status="PASS">
          <reporter-output>
          </reporter-output>
        </test-method> <!-- loginPageTest -->
        <test-method is-config="true" signature="tearDown()[pri:0, instance:com.flexiquiz.qa.testcases.LoginPageTestCases@6c0d9d86]" started-at="2023-11-19T01:28:49 GMT" name="tearDown" finished-at="2023-11-19T01:28:49 GMT" duration-ms="179" status="PASS">
          <reporter-output>
          </reporter-output>
        </test-method> <!-- tearDown -->
        <test-method is-config="true" signature="setUp()[pri:0, instance:com.flexiquiz.qa.testcases.LoginPageTestCases@6c0d9d86]" started-at="2023-11-19T01:28:49 GMT" name="setUp" finished-at="2023-11-19T01:28:51 GMT" duration-ms="2473" status="PASS">
          <reporter-output>
          </reporter-output>
        </test-method> <!-- setUp -->
        <test-method signature="rememberMeCheckBoxTest()[pri:0, instance:com.flexiquiz.qa.testcases.LoginPageTestCases@6c0d9d86]" started-at="2023-11-19T01:28:51 GMT" name="rememberMeCheckBoxTest" finished-at="2023-11-19T01:28:51 GMT" duration-ms="80" status="PASS">
          <reporter-output>
          </reporter-output>
        </test-method> <!-- rememberMeCheckBoxTest -->
        <test-method is-config="true" signature="tearDown()[pri:0, instance:com.flexiquiz.qa.testcases.LoginPageTestCases@6c0d9d86]" started-at="2023-11-19T01:28:51 GMT" name="tearDown" finished-at="2023-11-19T01:28:52 GMT" duration-ms="167" status="PASS">
          <reporter-output>
          </reporter-output>
        </test-method> <!-- tearDown -->
      </class> <!-- com.flexiquiz.qa.testcases.LoginPageTestCases -->
      <class name="com.flexiquiz.qa.testcases.HomePageTestCases">
        <test-method is-config="true" signature="setUp()[pri:0, instance:com.flexiquiz.qa.testcases.HomePageTestCases@73194df]" started-at="2023-11-19T01:28:36 GMT" name="setUp" finished-at="2023-11-19T01:28:39 GMT" duration-ms="3811" status="PASS">
          <reporter-output>
          </reporter-output>
        </test-method> <!-- setUp -->
        <test-method signature="flexiLogoImageTest()[pri:0, instance:com.flexiquiz.qa.testcases.HomePageTestCases@73194df]" started-at="2023-11-19T01:28:39 GMT" name="flexiLogoImageTest" finished-at="2023-11-19T01:28:39 GMT" duration-ms="79" status="PASS">
          <reporter-output>
          </reporter-output>
        </test-method> <!-- flexiLogoImageTest -->
        <test-method is-config="true" signature="tearDown()[pri:0, instance:com.flexiquiz.qa.testcases.HomePageTestCases@73194df]" started-at="2023-11-19T01:28:39 GMT" name="tearDown" finished-at="2023-11-19T01:28:40 GMT" duration-ms="204" status="PASS">
          <reporter-output>
          </reporter-output>
        </test-method> <!-- tearDown -->
        <test-method is-config="true" signature="setUp()[pri:0, instance:com.flexiquiz.qa.testcases.HomePageTestCases@73194df]" started-at="2023-11-19T01:28:40 GMT" name="setUp" finished-at="2023-11-19T01:28:42 GMT" duration-ms="1879" status="PASS">
          <reporter-output>
          </reporter-output>
        </test-method> <!-- setUp -->
        <test-method signature="navigateToLoginPageTest()[pri:0, instance:com.flexiquiz.qa.testcases.HomePageTestCases@73194df]" started-at="2023-11-19T01:28:42 GMT" name="navigateToLoginPageTest" finished-at="2023-11-19T01:28:42 GMT" duration-ms="402" status="PASS">
          <reporter-output>
          </reporter-output>
        </test-method> <!-- navigateToLoginPageTest -->
        <test-method is-config="true" signature="tearDown()[pri:0, instance:com.flexiquiz.qa.testcases.HomePageTestCases@73194df]" started-at="2023-11-19T01:28:42 GMT" name="tearDown" finished-at="2023-11-19T01:28:42 GMT" duration-ms="119" status="PASS">
          <reporter-output>
          </reporter-output>
        </test-method> <!-- tearDown -->
        <test-method is-config="true" signature="setUp()[pri:0, instance:com.flexiquiz.qa.testcases.HomePageTestCases@73194df]" started-at="2023-11-19T01:28:42 GMT" name="setUp" finished-at="2023-11-19T01:28:44 GMT" duration-ms="1939" status="PASS">
          <reporter-output>
          </reporter-output>
        </test-method> <!-- setUp -->
        <test-method signature="verifyHomePageTitleTest()[pri:0, instance:com.flexiquiz.qa.testcases.HomePageTestCases@73194df]" started-at="2023-11-19T01:28:44 GMT" name="verifyHomePageTitleTest" finished-at="2023-11-19T01:28:44 GMT" duration-ms="8" status="PASS">
          <reporter-output>
          </reporter-output>
        </test-method> <!-- verifyHomePageTitleTest -->
        <test-method is-config="true" signature="tearDown()[pri:0, instance:com.flexiquiz.qa.testcases.HomePageTestCases@73194df]" started-at="2023-11-19T01:28:44 GMT" name="tearDown" finished-at="2023-11-19T01:28:44 GMT" duration-ms="145" status="PASS">
          <reporter-output>
          </reporter-output>
        </test-method> <!-- tearDown -->
      </class> <!-- com.flexiquiz.qa.testcases.HomePageTestCases -->
    </test> <!-- Test -->
  </suite> <!-- Suite -->
</testng-results>
